2025-07-25 22:35:18.694 [main] INFO  c.e.e.r.CategoryRepositoryIntegrationTest - Starting CategoryRepositoryIntegrationTest using Java 17.0.12 with PID 25320 (started by erikm in C:\Users\erikm\Downloads\ecommerce_API\ecommerce)
2025-07-25 22:35:18.694 [main] INFO  c.e.e.r.CategoryRepositoryIntegrationTest - The following 1 profile is active: "test"
2025-07-25 22:35:19.530 [main] INFO  o.s.d.r.c.RepositoryConfigurationDelegate - Bootstrapping Spring Data JPA repositories in DEFAULT mode.
2025-07-25 22:35:19.643 [main] INFO  o.s.d.r.c.RepositoryConfigurationDelegate - Finished Spring Data repository scanning in 91 ms. Found 5 JPA repository interfaces.
2025-07-25 22:35:19.736 [main] INFO  o.s.b.t.a.j.TestDatabaseAutoConfiguration$EmbeddedDataSourceBeanFactoryPostProcessor - Replacing 'dataSource' DataSource bean with embedded version
2025-07-25 22:35:19.938 [main] INFO  o.s.j.d.e.EmbeddedDatabaseFactory - Starting embedded database: url='jdbc:h2:mem:52ad581d-1ab8-4941-8e3d-5a6ed821a1ce;DB_CLOSE_DELAY=-1;DB_CLOSE_ON_EXIT=false', username='sa'
2025-07-25 22:35:20.333 [main] INFO  o.h.jpa.internal.util.LogHelper - HHH000204: Processing PersistenceUnitInfo [name: default]
2025-07-25 22:35:20.381 [main] INFO  org.hibernate.Version - HHH000412: Hibernate ORM core version 6.6.22.Final
2025-07-25 22:35:20.431 [main] INFO  o.h.c.i.RegionFactoryInitiator - HHH000026: Second-level cache disabled
2025-07-25 22:35:20.778 [main] INFO  o.s.o.j.p.SpringPersistenceUnitInfo - No LoadTimeWeaver setup: ignoring JPA class transformer
2025-07-25 22:35:20.863 [main] WARN  org.hibernate.dialect.Dialect - HHH000511: The 2.3.232 version for [org.hibernate.dialect.PostgreSQLDialect] is no longer supported, hence certain features may not work properly. The minimum supported version is 12.0.0. Check the community dialects project for available legacy versions.
2025-07-25 22:35:20.867 [main] WARN  org.hibernate.orm.deprecation - HHH90000025: PostgreSQLDialect does not need to be specified explicitly using 'hibernate.dialect' (remove the property setting and it will be selected by default)
2025-07-25 22:35:20.909 [main] INFO  o.hibernate.orm.connections.pooling - HHH10001005: Database info:
	Database JDBC URL [Connecting through datasource 'org.springframework.jdbc.datasource.embedded.EmbeddedDatabaseFactory$EmbeddedDataSourceProxy@6bcdd6e4']
	Database driver: undefined/unknown
	Database version: 2.3.232
	Autocommit mode: undefined/unknown
	Isolation level: undefined/unknown
	Minimum pool size: undefined/unknown
	Maximum pool size: undefined/unknown
2025-07-25 22:35:22.007 [main] INFO  o.h.e.t.j.p.i.JtaPlatformInitiator - HHH000489: No JTA platform available (set 'hibernate.transaction.jta.platform' to enable JTA platform integration)
2025-07-25 22:35:22.106 [main] INFO  o.s.o.j.LocalContainerEntityManagerFactoryBean - Initialized JPA EntityManagerFactory for persistence unit 'default'
2025-07-25 22:35:22.772 [main] INFO  c.e.e.r.CategoryRepositoryIntegrationTest - Started CategoryRepositoryIntegrationTest in 4.671 seconds (process running for 6.007)
2025-07-25 22:35:23.970 [SpringApplicationShutdownHook] INFO  o.s.o.j.LocalContainerEntityManagerFactoryBean - Closing JPA EntityManagerFactory for persistence unit 'default'
2025-07-25 22:42:33.757 [main] INFO  c.e.e.r.CustomerRepositoryIntegrationTest - Starting CustomerRepositoryIntegrationTest using Java 17.0.12 with PID 484 (started by erikm in C:\Users\erikm\Downloads\ecommerce_API\ecommerce)
2025-07-25 22:42:33.759 [main] INFO  c.e.e.r.CustomerRepositoryIntegrationTest - The following 1 profile is active: "test"
2025-07-25 22:42:34.516 [main] INFO  o.s.d.r.c.RepositoryConfigurationDelegate - Bootstrapping Spring Data JPA repositories in DEFAULT mode.
2025-07-25 22:42:34.611 [main] INFO  o.s.d.r.c.RepositoryConfigurationDelegate - Finished Spring Data repository scanning in 80 ms. Found 5 JPA repository interfaces.
2025-07-25 22:42:34.704 [main] INFO  o.s.b.t.a.j.TestDatabaseAutoConfiguration$EmbeddedDataSourceBeanFactoryPostProcessor - Replacing 'dataSource' DataSource bean with embedded version
2025-07-25 22:42:34.911 [main] INFO  o.s.j.d.e.EmbeddedDatabaseFactory - Starting embedded database: url='jdbc:h2:mem:7cfb8d6b-9fb0-4258-aa70-45f85b43933e;DB_CLOSE_DELAY=-1;DB_CLOSE_ON_EXIT=false', username='sa'
2025-07-25 22:42:35.224 [main] INFO  o.h.jpa.internal.util.LogHelper - HHH000204: Processing PersistenceUnitInfo [name: default]
2025-07-25 22:42:35.285 [main] INFO  org.hibernate.Version - HHH000412: Hibernate ORM core version 6.6.22.Final
2025-07-25 22:42:35.322 [main] INFO  o.h.c.i.RegionFactoryInitiator - HHH000026: Second-level cache disabled
2025-07-25 22:42:35.776 [main] INFO  o.s.o.j.p.SpringPersistenceUnitInfo - No LoadTimeWeaver setup: ignoring JPA class transformer
2025-07-25 22:42:35.896 [main] WARN  org.hibernate.dialect.Dialect - HHH000511: The 2.3.232 version for [org.hibernate.dialect.PostgreSQLDialect] is no longer supported, hence certain features may not work properly. The minimum supported version is 12.0.0. Check the community dialects project for available legacy versions.
2025-07-25 22:42:35.910 [main] WARN  org.hibernate.orm.deprecation - HHH90000025: PostgreSQLDialect does not need to be specified explicitly using 'hibernate.dialect' (remove the property setting and it will be selected by default)
2025-07-25 22:42:35.943 [main] INFO  o.hibernate.orm.connections.pooling - HHH10001005: Database info:
	Database JDBC URL [Connecting through datasource 'org.springframework.jdbc.datasource.embedded.EmbeddedDatabaseFactory$EmbeddedDataSourceProxy@4bbf38b8']
	Database driver: undefined/unknown
	Database version: 2.3.232
	Autocommit mode: undefined/unknown
	Isolation level: undefined/unknown
	Minimum pool size: undefined/unknown
	Maximum pool size: undefined/unknown
2025-07-25 22:42:37.316 [main] INFO  o.h.e.t.j.p.i.JtaPlatformInitiator - HHH000489: No JTA platform available (set 'hibernate.transaction.jta.platform' to enable JTA platform integration)
2025-07-25 22:42:37.411 [main] INFO  o.s.o.j.LocalContainerEntityManagerFactoryBean - Initialized JPA EntityManagerFactory for persistence unit 'default'
2025-07-25 22:42:38.242 [main] INFO  c.e.e.r.CustomerRepositoryIntegrationTest - Started CustomerRepositoryIntegrationTest in 5.116 seconds (process running for 6.222)
2025-07-25 22:42:39.327 [main] WARN  o.h.e.jdbc.spi.SqlExceptionHelper - SQL Error: 23505, SQLState: 23505
2025-07-25 22:42:39.327 [main] ERROR o.h.e.jdbc.spi.SqlExceptionHelper - Unique index or primary key violation: "PUBLIC.UKGLTLCUJEF8E98LVLC0T4WA37H_INDEX_9 ON PUBLIC.TB_CUSTOMERS(DOCUMENT NULLS FIRST) VALUES ( /* 26 */ '111.111.111-11' )"; SQL statement:
insert into tb_customers (created_at,document,email,first_name,is_active,last_name,phone,updated_at) values (?,?,?,?,?,?,?,?) [23505-232]
2025-07-25 22:42:39.398 [main] WARN  o.h.e.jdbc.spi.SqlExceptionHelper - SQL Error: 23505, SQLState: 23505
2025-07-25 22:42:39.398 [main] ERROR o.h.e.jdbc.spi.SqlExceptionHelper - Unique index or primary key violation: "PUBLIC.UK45AHIKHATE43FDR5VMSPB3AI9_INDEX_9 ON PUBLIC.TB_CUSTOMERS(EMAIL NULLS FIRST) VALUES ( /* 36 */ 'joao.silva@example.com' )"; SQL statement:
insert into tb_customers (created_at,document,email,first_name,is_active,last_name,phone,updated_at) values (?,?,?,?,?,?,?,?) [23505-232]
2025-07-25 22:42:39.432 [SpringApplicationShutdownHook] INFO  o.s.o.j.LocalContainerEntityManagerFactoryBean - Closing JPA EntityManagerFactory for persistence unit 'default'
2025-07-25 22:46:17.524 [main] INFO  c.e.e.r.ProductRepositoryIntegrationTest - Starting ProductRepositoryIntegrationTest using Java 17.0.12 with PID 7540 (started by erikm in C:\Users\erikm\Downloads\ecommerce_API\ecommerce)
2025-07-25 22:46:17.524 [main] INFO  c.e.e.r.ProductRepositoryIntegrationTest - The following 1 profile is active: "test"
2025-07-25 22:46:18.229 [main] INFO  o.s.d.r.c.RepositoryConfigurationDelegate - Bootstrapping Spring Data JPA repositories in DEFAULT mode.
2025-07-25 22:46:18.325 [main] INFO  o.s.d.r.c.RepositoryConfigurationDelegate - Finished Spring Data repository scanning in 82 ms. Found 5 JPA repository interfaces.
2025-07-25 22:46:18.408 [main] INFO  o.s.b.t.a.j.TestDatabaseAutoConfiguration$EmbeddedDataSourceBeanFactoryPostProcessor - Replacing 'dataSource' DataSource bean with embedded version
2025-07-25 22:46:18.624 [main] INFO  o.s.j.d.e.EmbeddedDatabaseFactory - Starting embedded database: url='jdbc:h2:mem:e26a2fb3-e8a1-4ec4-94f0-e05b0300c842;DB_CLOSE_DELAY=-1;DB_CLOSE_ON_EXIT=false', username='sa'
2025-07-25 22:46:18.974 [main] INFO  o.h.jpa.internal.util.LogHelper - HHH000204: Processing PersistenceUnitInfo [name: default]
2025-07-25 22:46:19.058 [main] INFO  org.hibernate.Version - HHH000412: Hibernate ORM core version 6.6.22.Final
2025-07-25 22:46:19.108 [main] INFO  o.h.c.i.RegionFactoryInitiator - HHH000026: Second-level cache disabled
2025-07-25 22:46:19.554 [main] INFO  o.s.o.j.p.SpringPersistenceUnitInfo - No LoadTimeWeaver setup: ignoring JPA class transformer
2025-07-25 22:46:19.641 [main] WARN  org.hibernate.dialect.Dialect - HHH000511: The 2.3.232 version for [org.hibernate.dialect.PostgreSQLDialect] is no longer supported, hence certain features may not work properly. The minimum supported version is 12.0.0. Check the community dialects project for available legacy versions.
2025-07-25 22:46:19.649 [main] WARN  org.hibernate.orm.deprecation - HHH90000025: PostgreSQLDialect does not need to be specified explicitly using 'hibernate.dialect' (remove the property setting and it will be selected by default)
2025-07-25 22:46:19.674 [main] INFO  o.hibernate.orm.connections.pooling - HHH10001005: Database info:
	Database JDBC URL [Connecting through datasource 'org.springframework.jdbc.datasource.embedded.EmbeddedDatabaseFactory$EmbeddedDataSourceProxy@6b16de91']
	Database driver: undefined/unknown
	Database version: 2.3.232
	Autocommit mode: undefined/unknown
	Isolation level: undefined/unknown
	Minimum pool size: undefined/unknown
	Maximum pool size: undefined/unknown
2025-07-25 22:46:20.841 [main] INFO  o.h.e.t.j.p.i.JtaPlatformInitiator - HHH000489: No JTA platform available (set 'hibernate.transaction.jta.platform' to enable JTA platform integration)
2025-07-25 22:46:20.951 [main] INFO  o.s.o.j.LocalContainerEntityManagerFactoryBean - Initialized JPA EntityManagerFactory for persistence unit 'default'
2025-07-25 22:46:21.699 [main] INFO  c.e.e.r.ProductRepositoryIntegrationTest - Started ProductRepositoryIntegrationTest in 4.793 seconds (process running for 5.928)
2025-07-25 22:46:22.719 [main] WARN  o.h.e.jdbc.spi.SqlExceptionHelper - SQL Error: 23505, SQLState: 23505
2025-07-25 22:46:22.719 [main] ERROR o.h.e.jdbc.spi.SqlExceptionHelper - Unique index or primary key violation: "PUBLIC.UKM7JLFHJKBGBR8RQ3IUG9J0PTN_INDEX_C ON PUBLIC.TB_PRODUCTS(SKU NULLS FIRST) VALUES ( /* 26 */ 'SMARTPHX001' )"; SQL statement:
insert into tb_products (category_id,created_at,description,is_active,name,price,sku,stock_quantity,updated_at) values (?,?,?,?,?,?,?,?,?) [23505-232]
2025-07-25 22:46:23.084 [SpringApplicationShutdownHook] INFO  o.s.o.j.LocalContainerEntityManagerFactoryBean - Closing JPA EntityManagerFactory for persistence unit 'default'
2025-07-25 22:54:26.148 [main] INFO  c.e.e.r.CategoryRepositoryIntegrationTest - Starting CategoryRepositoryIntegrationTest using Java 17.0.12 with PID 12664 (started by erikm in C:\Users\erikm\Downloads\ecommerce_API\ecommerce)
2025-07-25 22:54:26.148 [main] INFO  c.e.e.r.CategoryRepositoryIntegrationTest - The following 1 profile is active: "test"
2025-07-25 22:54:26.965 [main] INFO  o.s.d.r.c.RepositoryConfigurationDelegate - Bootstrapping Spring Data JPA repositories in DEFAULT mode.
2025-07-25 22:54:27.086 [main] INFO  o.s.d.r.c.RepositoryConfigurationDelegate - Finished Spring Data repository scanning in 107 ms. Found 5 JPA repository interfaces.
2025-07-25 22:54:27.181 [main] INFO  o.s.b.t.a.j.TestDatabaseAutoConfiguration$EmbeddedDataSourceBeanFactoryPostProcessor - Replacing 'dataSource' DataSource bean with embedded version
2025-07-25 22:54:27.395 [main] INFO  o.s.j.d.e.EmbeddedDatabaseFactory - Starting embedded database: url='jdbc:h2:mem:1c719f47-0bfb-4f5c-ae95-e8a9655a345b;DB_CLOSE_DELAY=-1;DB_CLOSE_ON_EXIT=false', username='sa'
2025-07-25 22:54:27.783 [main] INFO  o.h.jpa.internal.util.LogHelper - HHH000204: Processing PersistenceUnitInfo [name: default]
2025-07-25 22:54:27.875 [main] INFO  org.hibernate.Version - HHH000412: Hibernate ORM core version 6.6.22.Final
2025-07-25 22:54:27.907 [main] INFO  o.h.c.i.RegionFactoryInitiator - HHH000026: Second-level cache disabled
2025-07-25 22:54:28.403 [main] INFO  o.s.o.j.p.SpringPersistenceUnitInfo - No LoadTimeWeaver setup: ignoring JPA class transformer
2025-07-25 22:54:28.527 [main] WARN  org.hibernate.dialect.Dialect - HHH000511: The 2.3.232 version for [org.hibernate.dialect.PostgreSQLDialect] is no longer supported, hence certain features may not work properly. The minimum supported version is 12.0.0. Check the community dialects project for available legacy versions.
2025-07-25 22:54:28.531 [main] WARN  org.hibernate.orm.deprecation - HHH90000025: PostgreSQLDialect does not need to be specified explicitly using 'hibernate.dialect' (remove the property setting and it will be selected by default)
2025-07-25 22:54:28.569 [main] INFO  o.hibernate.orm.connections.pooling - HHH10001005: Database info:
	Database JDBC URL [Connecting through datasource 'org.springframework.jdbc.datasource.embedded.EmbeddedDatabaseFactory$EmbeddedDataSourceProxy@221ca495']
	Database driver: undefined/unknown
	Database version: 2.3.232
	Autocommit mode: undefined/unknown
	Isolation level: undefined/unknown
	Minimum pool size: undefined/unknown
	Maximum pool size: undefined/unknown
2025-07-25 22:54:29.722 [main] INFO  o.h.e.t.j.p.i.JtaPlatformInitiator - HHH000489: No JTA platform available (set 'hibernate.transaction.jta.platform' to enable JTA platform integration)
2025-07-25 22:54:29.815 [main] INFO  o.s.o.j.LocalContainerEntityManagerFactoryBean - Initialized JPA EntityManagerFactory for persistence unit 'default'
2025-07-25 22:54:30.558 [main] INFO  c.e.e.r.CategoryRepositoryIntegrationTest - Started CategoryRepositoryIntegrationTest in 4.966 seconds (process running for 6.183)
2025-07-25 22:54:32.006 [main] INFO  o.s.t.c.s.AnnotationConfigContextLoaderUtils - Could not detect default configuration classes for test class [com.erikm.ecommerce.repository.CustomerRepositoryIntegrationTest]: CustomerRepositoryIntegrationTest does not declare any static, non-private, non-final, nested classes annotated with @Configuration.
2025-07-25 22:54:32.027 [main] INFO  o.s.b.t.c.SpringBootTestContextBootstrapper - Found @SpringBootConfiguration com.erikm.ecommerce.EcommerceApplication for test class com.erikm.ecommerce.repository.CustomerRepositoryIntegrationTest
2025-07-25 22:54:32.338 [main] WARN  o.h.e.jdbc.spi.SqlExceptionHelper - SQL Error: 23505, SQLState: 23505
2025-07-25 22:54:32.338 [main] ERROR o.h.e.jdbc.spi.SqlExceptionHelper - Unique index or primary key violation: "PUBLIC.UKGLTLCUJEF8E98LVLC0T4WA37H_INDEX_9 ON PUBLIC.TB_CUSTOMERS(DOCUMENT NULLS FIRST) VALUES ( /* 26 */ '111.111.111-11' )"; SQL statement:
insert into tb_customers (created_at,document,email,first_name,is_active,last_name,phone,updated_at) values (?,?,?,?,?,?,?,?) [23505-232]
2025-07-25 22:54:32.402 [main] WARN  o.h.e.jdbc.spi.SqlExceptionHelper - SQL Error: 23505, SQLState: 23505
2025-07-25 22:54:32.402 [main] ERROR o.h.e.jdbc.spi.SqlExceptionHelper - Unique index or primary key violation: "PUBLIC.UK45AHIKHATE43FDR5VMSPB3AI9_INDEX_9 ON PUBLIC.TB_CUSTOMERS(EMAIL NULLS FIRST) VALUES ( /* 33 */ 'joao.silva@example.com' )"; SQL statement:
insert into tb_customers (created_at,document,email,first_name,is_active,last_name,phone,updated_at) values (?,?,?,?,?,?,?,?) [23505-232]
2025-07-25 22:54:32.450 [main] INFO  o.s.t.c.s.AnnotationConfigContextLoaderUtils - Could not detect default configuration classes for test class [com.erikm.ecommerce.repository.ProductRepositoryIntegrationTest]: ProductRepositoryIntegrationTest does not declare any static, non-private, non-final, nested classes annotated with @Configuration.
2025-07-25 22:54:32.470 [main] INFO  o.s.b.t.c.SpringBootTestContextBootstrapper - Found @SpringBootConfiguration com.erikm.ecommerce.EcommerceApplication for test class com.erikm.ecommerce.repository.ProductRepositoryIntegrationTest
2025-07-25 22:54:32.742 [main] WARN  o.h.e.jdbc.spi.SqlExceptionHelper - SQL Error: 23505, SQLState: 23505
2025-07-25 22:54:32.742 [main] ERROR o.h.e.jdbc.spi.SqlExceptionHelper - Unique index or primary key violation: "PUBLIC.UKM7JLFHJKBGBR8RQ3IUG9J0PTN_INDEX_C ON PUBLIC.TB_PRODUCTS(SKU NULLS FIRST) VALUES ( /* 22 */ 'SMARTPHX001' )"; SQL statement:
insert into tb_products (category_id,created_at,description,is_active,name,price,sku,stock_quantity,updated_at) values (?,?,?,?,?,?,?,?,?) [23505-232]
2025-07-25 22:54:33.118 [SpringApplicationShutdownHook] INFO  o.s.o.j.LocalContainerEntityManagerFactoryBean - Closing JPA EntityManagerFactory for persistence unit 'default'
